<?xml version="1.0" encoding="UTF-8"?>
<testng-results skipped="0" failed="0" ignored="0" total="6" passed="6">
  <reporter-output>
  </reporter-output>
  <suite name="Default suite" duration-ms="8369" started-at="2018-12-13T11:02:13Z" finished-at="2018-12-13T11:02:21Z">
    <groups>
    </groups>
    <test name="Default test" duration-ms="8369" started-at="2018-12-13T11:02:13Z" finished-at="2018-12-13T11:02:21Z">
      <class name="MavenFramework.QAS_AUTOMATION_DEMO.GmailTest">
        <test-method status="PASS" signature="doBeforeMethod()[pri:0, instance:MavenFramework.QAS_AUTOMATION_DEMO.GmailTest@464bee09]" name="doBeforeMethod" is-config="true" duration-ms="348" started-at="2018-12-13T11:02:13Z" finished-at="2018-12-13T11:02:13Z">
          <reporter-output>
          </reporter-output>
        </test-method> <!-- doBeforeMethod -->
        <test-method status="PASS" signature="sendEmailToMe(model.sendEmail)[pri:0, instance:MavenFramework.QAS_AUTOMATION_DEMO.GmailTest@464bee09]" name="sendEmailToMe" duration-ms="2168" started-at="2018-12-13T11:02:13Z" data-provider="testcase-provider" finished-at="2018-12-13T11:02:15Z">
          <params>
            <param index="0">
              <value>
                <![CDATA[model.sendEmail@28701274]]>
              </value>
            </param>
          </params>
          <reporter-output>
          </reporter-output>
        </test-method> <!-- sendEmailToMe -->
        <test-method status="PASS" signature="sendEmailToMe(model.sendEmail)[pri:0, instance:MavenFramework.QAS_AUTOMATION_DEMO.GmailTest@464bee09]" name="sendEmailToMe" duration-ms="1390" started-at="2018-12-13T11:02:15Z" data-provider="testcase-provider" finished-at="2018-12-13T11:02:17Z">
          <params>
            <param index="0">
              <value>
                <![CDATA[model.sendEmail@61a5b4ae]]>
              </value>
            </param>
          </params>
          <reporter-output>
          </reporter-output>
        </test-method> <!-- sendEmailToMe -->
        <test-method status="PASS" signature="sendEmailToMe(model.sendEmail)[pri:0, instance:MavenFramework.QAS_AUTOMATION_DEMO.GmailTest@464bee09]" name="sendEmailToMe" duration-ms="1164" started-at="2018-12-13T11:02:17Z" data-provider="testcase-provider" finished-at="2018-12-13T11:02:18Z">
          <params>
            <param index="0">
              <value>
                <![CDATA[model.sendEmail@6979efad]]>
              </value>
            </param>
          </params>
          <reporter-output>
          </reporter-output>
        </test-method> <!-- sendEmailToMe -->
        <test-method status="PASS" signature="sendEmailToMe(model.sendEmail)[pri:0, instance:MavenFramework.QAS_AUTOMATION_DEMO.GmailTest@464bee09]" name="sendEmailToMe" duration-ms="1090" started-at="2018-12-13T11:02:18Z" data-provider="testcase-provider" finished-at="2018-12-13T11:02:19Z">
          <params>
            <param index="0">
              <value>
                <![CDATA[model.sendEmail@742d4e15]]>
              </value>
            </param>
          </params>
          <reporter-output>
          </reporter-output>
        </test-method> <!-- sendEmailToMe -->
        <test-method status="PASS" signature="sendEmailToMe(model.sendEmail)[pri:0, instance:MavenFramework.QAS_AUTOMATION_DEMO.GmailTest@464bee09]" name="sendEmailToMe" duration-ms="1122" started-at="2018-12-13T11:02:19Z" data-provider="testcase-provider" finished-at="2018-12-13T11:02:20Z">
          <params>
            <param index="0">
              <value>
                <![CDATA[model.sendEmail@240139e1]]>
              </value>
            </param>
          </params>
          <reporter-output>
          </reporter-output>
        </test-method> <!-- sendEmailToMe -->
        <test-method status="PASS" signature="sendEmailToMe(model.sendEmail)[pri:0, instance:MavenFramework.QAS_AUTOMATION_DEMO.GmailTest@464bee09]" name="sendEmailToMe" duration-ms="1068" started-at="2018-12-13T11:02:20Z" data-provider="testcase-provider" finished-at="2018-12-13T11:02:21Z">
          <params>
            <param index="0">
              <value>
                <![CDATA[model.sendEmail@107e5441]]>
              </value>
            </param>
          </params>
          <reporter-output>
          </reporter-output>
        </test-method> <!-- sendEmailToMe -->
      </class> <!-- MavenFramework.QAS_AUTOMATION_DEMO.GmailTest -->
    </test> <!-- Default test -->
  </suite> <!-- Default suite -->
</testng-results>
